<?xml version="1.0" encoding="UTF-8"?>
<coverage generated="1496745926034" clover="3.2.0">
  <project timestamp="1496745926034" name="All files">
    <metrics statements="32" coveredstatements="32" conditionals="12" coveredconditionals="10" methods="5" coveredmethods="5" elements="49" coveredelements="47" complexity="0" loc="32" ncloc="32" packages="3" files="4" classes="4">
      <package name="components">
        <metrics statements="2" coveredstatements="2" conditionals="0" coveredconditionals="0" methods="1" coveredmethods="1"/>
        <file name="user_profile.jsx" path="/Users/okke/projects/OpenConext-attribute-aggregation/aa-gui/src/javascripts/components/user_profile.jsx">
          <metrics statements="2" coveredstatements="2" conditionals="0" coveredconditionals="0" methods="1" coveredmethods="1"/>
          <line num="6" count="1" type="stmt"/>
          <line num="16" count="1" type="stmt"/>
        </file>
      </package>
      <package name="locale">
        <metrics statements="2" coveredstatements="2" conditionals="0" coveredconditionals="0" methods="0" coveredmethods="0"/>
        <file name="en.js" path="/Users/okke/projects/OpenConext-attribute-aggregation/aa-gui/src/javascripts/locale/en.js">
          <metrics statements="1" coveredstatements="1" conditionals="0" coveredconditionals="0" methods="0" coveredmethods="0"/>
          <line num="8" count="3" type="stmt"/>
        </file>
        <file name="nl.js" path="/Users/okke/projects/OpenConext-attribute-aggregation/aa-gui/src/javascripts/locale/nl.js">
          <metrics statements="1" coveredstatements="1" conditionals="0" coveredconditionals="0" methods="0" coveredmethods="0"/>
          <line num="8" count="3" type="stmt"/>
        </file>
      </package>
      <package name="utils">
        <metrics statements="28" coveredstatements="28" conditionals="12" coveredconditionals="10" methods="4" coveredmethods="4"/>
        <file name="query-parameters.js" path="/Users/okke/projects/OpenConext-attribute-aggregation/aa-gui/src/javascripts/utils/query-parameters.js">
          <metrics statements="28" coveredstatements="28" conditionals="12" coveredconditionals="10" methods="4" coveredmethods="4"/>
          <line num="1" count="1" type="stmt"/>
          <line num="6" count="3" type="stmt"/>
          <line num="7" count="3" type="cond" truecount="4" falsecount="0"/>
          <line num="8" count="1" type="stmt"/>
          <line num="10" count="2" type="stmt"/>
          <line num="11" count="2" type="stmt"/>
          <line num="12" count="3" type="stmt"/>
          <line num="14" count="3" type="stmt"/>
          <line num="15" count="3" type="stmt"/>
          <line num="16" count="3" type="cond" truecount="1" falsecount="1"/>
          <line num="17" count="3" type="stmt"/>
          <line num="19" count="3" type="stmt"/>
          <line num="21" count="2" type="stmt"/>
          <line num="26" count="3" type="stmt"/>
          <line num="27" count="3" type="stmt"/>
          <line num="28" count="4" type="cond" truecount="1" falsecount="1"/>
          <line num="29" count="4" type="stmt"/>
          <line num="30" count="4" type="cond" truecount="2" falsecount="0"/>
          <line num="31" count="4" type="stmt"/>
          <line num="35" count="3" type="stmt"/>
          <line num="41" count="3" type="stmt"/>
          <line num="42" count="3" type="stmt"/>
          <line num="43" count="3" type="stmt"/>
          <line num="44" count="3" type="stmt"/>
          <line num="48" count="2" type="stmt"/>
          <line num="49" count="2" type="stmt"/>
          <line num="50" count="2" type="stmt"/>
          <line num="51" count="2" type="cond" truecount="2" falsecount="0"/>
        </file>
      </package>
    </metrics>
  </project>
</coverage>
