{"/Users/okke/projects/OpenConext-attribute-aggregation/aa-gui/src/javascripts/components/user_profile.jsx": {"path":"/Users/okke/projects/OpenConext-attribute-aggregation/aa-gui/src/javascripts/components/user_profile.jsx","statementMap":{"0":{"start":{"line":6,"column":4},"end":{"line":12,"column":15}},"1":{"start":{"line":16,"column":0},"end":{"line":18,"column":2}}},"fnMap":{"0":{"name":"UserProfile","decl":{"start":{"line":5,"column":24},"end":{"line":5,"column":35}},"loc":{"start":{"line":5,"column":51},"end":{"line":14,"column":1}},"line":5}},"branchMap":{},"s":{"0":1,"1":1},"f":{"0":1},"b":{},"_coverageSchema":"332fd63041d2c1bcb487cc26dd0d5f7d97098a6c","hash":"a1d194aa817d09e2c12a3431ffc5fc95d17bb92a"}
,"/Users/okke/projects/OpenConext-attribute-aggregation/aa-gui/src/javascripts/locale/en.js": {"path":"/Users/okke/projects/OpenConext-attribute-aggregation/aa-gui/src/javascripts/locale/en.js","statementMap":{"0":{"start":{"line":8,"column":0},"end":{"line":92,"column":2}}},"fnMap":{},"branchMap":{},"s":{"0":3},"f":{},"b":{},"_coverageSchema":"332fd63041d2c1bcb487cc26dd0d5f7d97098a6c","hash":"e0ea8e81bfab9726733b99cb1dd7706bf3d81528"}
,"/Users/okke/projects/OpenConext-attribute-aggregation/aa-gui/src/javascripts/locale/nl.js": {"path":"/Users/okke/projects/OpenConext-attribute-aggregation/aa-gui/src/javascripts/locale/nl.js","statementMap":{"0":{"start":{"line":8,"column":0},"end":{"line":91,"column":2}}},"fnMap":{},"branchMap":{},"s":{"0":3},"f":{},"b":{},"_coverageSchema":"332fd63041d2c1bcb487cc26dd0d5f7d97098a6c","hash":"7ebb09ffbcc42efa89ffceaf501fa1b0f9941275"}
,"/Users/okke/projects/OpenConext-attribute-aggregation/aa-gui/src/javascripts/utils/query-parameters.js": {"path":"/Users/okke/projects/OpenConext-attribute-aggregation/aa-gui/src/javascripts/utils/query-parameters.js","statementMap":{"0":{"start":{"line":1,"column":23},"end":{"line":38,"column":1}},"1":{"start":{"line":6,"column":18},"end":{"line":6,"column":20}},"2":{"start":{"line":7,"column":8},"end":{"line":9,"column":9}},"3":{"start":{"line":8,"column":12},"end":{"line":8,"column":21}},"4":{"start":{"line":10,"column":18},"end":{"line":10,"column":58}},"5":{"start":{"line":11,"column":8},"end":{"line":20,"column":9}},"6":{"start":{"line":12,"column":27},"end":{"line":12,"column":42}},"7":{"start":{"line":14,"column":25},"end":{"line":14,"column":74}},"8":{"start":{"line":15,"column":25},"end":{"line":15,"column":74}},"9":{"start":{"line":16,"column":12},"end":{"line":18,"column":13}},"10":{"start":{"line":17,"column":16},"end":{"line":17,"column":29}},"11":{"start":{"line":19,"column":12},"end":{"line":19,"column":31}},"12":{"start":{"line":21,"column":8},"end":{"line":21,"column":17}},"13":{"start":{"line":26,"column":21},"end":{"line":26,"column":24}},"14":{"start":{"line":27,"column":8},"end":{"line":34,"column":9}},"15":{"start":{"line":28,"column":12},"end":{"line":33,"column":13}},"16":{"start":{"line":29,"column":16},"end":{"line":32,"column":17}},"17":{"start":{"line":30,"column":20},"end":{"line":30,"column":56}},"18":{"start":{"line":31,"column":20},"end":{"line":31,"column":104}},"19":{"start":{"line":35,"column":8},"end":{"line":35,"column":22}},"20":{"start":{"line":41,"column":26},"end":{"line":41,"column":75}},"21":{"start":{"line":42,"column":4},"end":{"line":42,"column":31}},"22":{"start":{"line":43,"column":4},"end":{"line":43,"column":74}},"23":{"start":{"line":44,"column":4},"end":{"line":44,"column":54}},"24":{"start":{"line":48,"column":25},"end":{"line":48,"column":75}},"25":{"start":{"line":49,"column":18},"end":{"line":49,"column":67}},"26":{"start":{"line":50,"column":18},"end":{"line":50,"column":50}},"27":{"start":{"line":51,"column":4},"end":{"line":51,"column":86}}},"fnMap":{"0":{"name":"(anonymous_0)","decl":{"start":{"line":5,"column":18},"end":{"line":5,"column":19}},"loc":{"start":{"line":5,"column":50},"end":{"line":22,"column":5}},"line":5},"1":{"name":"(anonymous_1)","decl":{"start":{"line":25,"column":18},"end":{"line":25,"column":19}},"loc":{"start":{"line":25,"column":43},"end":{"line":36,"column":5}},"line":25},"2":{"name":"replaceQueryParameter","decl":{"start":{"line":40,"column":16},"end":{"line":40,"column":37}},"loc":{"start":{"line":40,"column":73},"end":{"line":45,"column":1}},"line":40},"3":{"name":"getParameterByName","decl":{"start":{"line":47,"column":16},"end":{"line":47,"column":34}},"loc":{"start":{"line":47,"column":63},"end":{"line":52,"column":1}},"line":47}},"branchMap":{"0":{"loc":{"start":{"line":7,"column":8},"end":{"line":9,"column":9}},"type":"if","locations":[{"start":{"line":7,"column":8},"end":{"line":9,"column":9}},{"start":{"line":7,"column":8},"end":{"line":9,"column":9}}],"line":7},"1":{"loc":{"start":{"line":7,"column":12},"end":{"line":7,"column":81}},"type":"binary-expr","locations":[{"start":{"line":7,"column":12},"end":{"line":7,"column":46}},{"start":{"line":7,"column":50},"end":{"line":7,"column":81}}],"line":7},"2":{"loc":{"start":{"line":16,"column":12},"end":{"line":18,"column":13}},"type":"if","locations":[{"start":{"line":16,"column":12},"end":{"line":18,"column":13}},{"start":{"line":16,"column":12},"end":{"line":18,"column":13}}],"line":16},"3":{"loc":{"start":{"line":28,"column":12},"end":{"line":33,"column":13}},"type":"if","locations":[{"start":{"line":28,"column":12},"end":{"line":33,"column":13}},{"start":{"line":28,"column":12},"end":{"line":33,"column":13}}],"line":28},"4":{"loc":{"start":{"line":30,"column":30},"end":{"line":30,"column":55}},"type":"cond-expr","locations":[{"start":{"line":30,"column":47},"end":{"line":30,"column":49}},{"start":{"line":30,"column":52},"end":{"line":30,"column":55}}],"line":30},"5":{"loc":{"start":{"line":51,"column":11},"end":{"line":51,"column":85}},"type":"cond-expr","locations":[{"start":{"line":51,"column":30},"end":{"line":51,"column":32}},{"start":{"line":51,"column":35},"end":{"line":51,"column":85}}],"line":51}},"s":{"0":1,"1":3,"2":3,"3":1,"4":2,"5":2,"6":3,"7":3,"8":3,"9":3,"10":3,"11":3,"12":2,"13":3,"14":3,"15":4,"16":4,"17":4,"18":4,"19":3,"20":3,"21":3,"22":3,"23":3,"24":2,"25":2,"26":2,"27":2},"f":{"0":3,"1":3,"2":3,"3":2},"b":{"0":[1,2],"1":[3,3],"2":[3,0],"3":[4,0],"4":[3,1],"5":[1,1]},"_coverageSchema":"332fd63041d2c1bcb487cc26dd0d5f7d97098a6c","hash":"6f3c80a7ff9cb666cd9a2f93f11f2cf4e2603a08"}
}
