TN:
SF:/Users/okke/projects/OpenConext-attribute-aggregation/aa-gui/src/javascripts/components/user_profile.jsx
FN:5,UserProfile
FNF:1
FNH:1
FNDA:1,UserProfile
DA:6,1
DA:16,1
LF:2
LH:2
BRF:0
BRH:0
end_of_record
TN:
SF:/Users/okke/projects/OpenConext-attribute-aggregation/aa-gui/src/javascripts/locale/en.js
FNF:0
FNH:0
DA:8,3
LF:1
LH:1
BRF:0
BRH:0
end_of_record
TN:
SF:/Users/okke/projects/OpenConext-attribute-aggregation/aa-gui/src/javascripts/locale/nl.js
FNF:0
FNH:0
DA:8,3
LF:1
LH:1
BRF:0
BRH:0
end_of_record
TN:
SF:/Users/okke/projects/OpenConext-attribute-aggregation/aa-gui/src/javascripts/utils/query-parameters.js
FN:5,(anonymous_0)
FN:25,(anonymous_1)
FN:40,replaceQueryParameter
FN:47,getParameterByName
FNF:4
FNH:4
FNDA:3,(anonymous_0)
FNDA:3,(anonymous_1)
FNDA:3,replaceQueryParameter
FNDA:2,getParameterByName
DA:1,1
DA:6,3
DA:7,3
DA:8,1
DA:10,2
DA:11,2
DA:12,3
DA:14,3
DA:15,3
DA:16,3
DA:17,3
DA:19,3
DA:21,2
DA:26,3
DA:27,3
DA:28,4
DA:29,4
DA:30,4
DA:31,4
DA:35,3
DA:41,3
DA:42,3
DA:43,3
DA:44,3
DA:48,2
DA:49,2
DA:50,2
DA:51,2
LF:28
LH:28
BRDA:7,0,0,1
BRDA:7,0,1,2
BRDA:7,1,0,3
BRDA:7,1,1,3
BRDA:16,2,0,3
BRDA:16,2,1,0
BRDA:28,3,0,4
BRDA:28,3,1,0
BRDA:30,4,0,3
BRDA:30,4,1,1
BRDA:51,5,0,1
BRDA:51,5,1,1
BRF:12
BRH:10
end_of_record
